<?xml version="1.0" encoding="UTF-8"?>
<!-- Generated by org.testng.reporters.JUnitXMLReporter -->
<testsuite ignored="0" hostname="DavronsL" failures="0" tests="8" name="Crater_Items_API_Tests" time="5.677" errors="0" timestamp="2024-03-13T14:28:28 EDT">
  <testcase classname="API_test.Items_management_api" name="login_test" time="2.375"/>
  <testcase classname="API_test.Items_management_api" name="Create_item" time="0.562"/>
  <testcase classname="API_test.Items_management_api" name="get_item" time="0.465"/>
  <testcase classname="API_test.Items_management_api" name="lsit_all_items" time="1.635"/>
  <testcase classname="API_test.Items_management_api" name="update_Item" time="0.369"/>
  <testcase classname="API_test.Items_management_api" name="delete_item" time="0.179"/>
  <testcase classname="API_test.TestNGDemo" name="DemoTest" time="0.002"/>
  <testcase classname="API_test.TestNGDemo" name="anotherTest" time="0.001"/>
</testsuite> <!-- Crater_Items_API_Tests -->
