<?xml version="1.0" encoding="UTF-8"?>
<!-- Generated by org.testng.reporters.JUnitXMLReporter -->
<testsuite ignored="0" hostname="DavronsL" failures="0" tests="8" name="Crater_Items_API_Tests" time="8.041" errors="0" timestamp="2024-03-12T21:25:12 EDT">
  <testcase classname="API_test.Items_management_api" name="login_test" time="3.708"/>
  <testcase classname="API_test.Items_management_api" name="Create_item" time="1.026"/>
  <testcase classname="API_test.Items_management_api" name="get_item" time="0.59"/>
  <testcase classname="API_test.Items_management_api" name="lsit_all_items" time="1.975"/>
  <testcase classname="API_test.Items_management_api" name="update_Item" time="0.382"/>
  <testcase classname="API_test.Items_management_api" name="delete_item" time="0.205"/>
  <testcase classname="API_test.TestNGDemo" name="DemoTest" time="0.003"/>
  <testcase classname="API_test.TestNGDemo" name="anotherTest" time="0.006"/>
</testsuite> <!-- Crater_Items_API_Tests -->
