<?xml version="1.0" encoding="UTF-8"?>
<!-- Generated by org.testng.reporters.JUnitXMLReporter -->
<testsuite ignored="7" hostname="DavronsL" failures="0" tests="2" name="Default test" time="4.641" errors="0" timestamp="2024-03-12T19:23:49 EDT">
  <testcase classname="API_test.Items_mng_RequestSpcification" name="login_test" time="3.57"/>
  <testcase classname="API_test.Items_mng_RequestSpcification" name="Create_item" time="0.983"/>
  <testcase classname="API_test.Items_mng_RequestSpcification" name="Swager_findBy_Status_chain_VAL" time="0.0">
    <ignored/>
  </testcase> <!-- Swager_findBy_Status_chain_VAL -->
  <testcase classname="API_test.Items_mng_RequestSpcification" name="lsit_all_items" time="0.0">
    <ignored/>
  </testcase> <!-- lsit_all_items -->
  <testcase classname="API_test.Items_mng_RequestSpcification" name="update_Item" time="0.0">
    <ignored/>
  </testcase> <!-- update_Item -->
  <testcase classname="API_test.Items_mng_RequestSpcification" name="delete_item" time="0.0">
    <ignored/>
  </testcase> <!-- delete_item -->
  <testcase classname="API_test.Items_mng_RequestSpcification" name="invalid_end_point" time="0.0">
    <ignored/>
  </testcase> <!-- invalid_end_point -->
  <testcase classname="API_test.Items_mng_RequestSpcification" name="get_item" time="0.0">
    <ignored/>
  </testcase> <!-- get_item -->
  <testcase classname="API_test.Items_mng_RequestSpcification" name="Swager_findBy_Status" time="0.0">
    <ignored/>
  </testcase> <!-- Swager_findBy_Status -->
</testsuite> <!-- Default test -->
