<?xml version="1.0" encoding="UTF-8"?>
<!-- Generated by org.testng.reporters.JUnitXMLReporter -->
<testsuite ignored="2" hostname="DavronsL" failures="0" tests="4" name="Default test" time="12.478" errors="0" timestamp="2024-03-18T14:38:05 EDT">
  <testcase classname="API_test.Items_management_api" name="login_test" time="7.689"/>
  <testcase classname="API_test.Items_management_api" name="Create_item" time="3.63"/>
  <testcase classname="API_test.Items_management_api" name="update_Item" time="0.702"/>
  <testcase classname="API_test.Items_management_api" name="delete_item" time="0.279"/>
  <testcase classname="API_test.Items_management_api" name="get_item" time="0.0">
    <ignored/>
  </testcase> <!-- get_item -->
  <testcase classname="API_test.Items_management_api" name="lsit_all_items" time="0.0">
    <ignored/>
  </testcase> <!-- lsit_all_items -->
</testsuite> <!-- Default test -->
