<?xml version="1.0" encoding="UTF-8"?>
<!-- Generated by org.testng.reporters.JUnitXMLReporter -->
<testsuite ignored="0" hostname="DavronsL" failures="0" tests="8" name="Crater_Regression_Tests" time="12.812" errors="0" timestamp="2024-03-12T21:40:24 EDT">
  <testcase classname="API_test.TestNGDemo" name="DemoTest" time="0.003"/>
  <testcase classname="API_test.TestNGDemo" name="anotherTest" time="0.005"/>
  <testcase classname="API_test.Items_management_api" name="login_test" time="7.142"/>
  <testcase classname="API_test.Items_management_api" name="Create_item" time="1.568"/>
  <testcase classname="API_test.Items_management_api" name="lsit_all_items" time="2.638"/>
  <testcase classname="API_test.Items_management_api" name="get_item" time="0.674"/>
  <testcase classname="API_test.Items_management_api" name="update_Item" time="0.47"/>
  <testcase classname="API_test.Items_management_api" name="delete_item" time="0.188"/>
</testsuite> <!-- Crater_Regression_Tests -->
