<?xml version="1.0" encoding="UTF-8"?>
<!-- Generated by org.testng.reporters.JUnitXMLReporter -->
<testsuite ignored="6" hostname="DavronsL" failures="0" tests="2" name="Crater_Smoke_Tests" time="4.389" errors="0" timestamp="2024-03-12T23:09:11 EDT">
  <testcase classname="API_test.Items_management_api" name="login_test" time="2.483"/>
  <testcase classname="API_test.Items_management_api" name="lsit_all_items" time="1.861"/>
  <testcase classname="API_test.Items_management_api" name="Create_item" time="0.0">
    <ignored/>
  </testcase> <!-- Create_item -->
  <testcase classname="API_test.Items_management_api" name="get_item" time="0.0">
    <ignored/>
  </testcase> <!-- get_item -->
  <testcase classname="API_test.Items_management_api" name="delete_item" time="0.0">
    <ignored/>
  </testcase> <!-- delete_item -->
  <testcase classname="API_test.Items_management_api" name="update_Item" time="0.0">
    <ignored/>
  </testcase> <!-- update_Item -->
  <testcase classname="API_test.TestNGDemo" name="DemoTest" time="0.0">
    <ignored/>
  </testcase> <!-- DemoTest -->
  <testcase classname="API_test.TestNGDemo" name="anotherTest" time="0.0">
    <ignored/>
  </testcase> <!-- anotherTest -->
</testsuite> <!-- Crater_Smoke_Tests -->
